2023-12-05 10:29:43.183 [info] Extension host with pid 1036 started
2023-12-05 10:29:43.214 [info] ExtensionService#_doActivateExtension vscode.git-base, startup: true, activationEvent: '*'
2023-12-05 10:29:43.224 [info] Lock '/home/ronnie-ronnielangat/.vscode-server/data/User/workspaceStorage/52317936e841d959f7cb7b0bef79c9f5/vscode.lock': Lock acquired.
2023-12-05 10:29:43.264 [info] ExtensionService#_doActivateExtension vscode.github, startup: true, activationEvent: '*'
2023-12-05 10:29:43.372 [info] Eager extensions activated
2023-12-05 10:29:43.380 [info] ExtensionService#_doActivateExtension vscode.debug-auto-launch, startup: false, activationEvent: 'onStartupFinished'
2023-12-05 10:29:43.380 [info] ExtensionService#_doActivateExtension vscode.merge-conflict, startup: false, activationEvent: 'onStartupFinished'
2023-12-05 10:29:46.860 [info] ExtensionService#_doActivateExtension vscode.git, startup: false, activationEvent: 'api', root cause: vscode.github
2023-12-05 10:29:47.283 [warning] [Decorations] CAPPING events from decorations provider vscode.git 2027
2023-12-05 10:29:47.600 [warning] [Decorations] CAPPING events from decorations provider vscode.git 2027
2023-12-05 10:29:50.379 [warning] [Decorations] CAPPING events from decorations provider vscode.git 2027
2023-12-05 10:29:55.442 [warning] [Decorations] CAPPING events from decorations provider vscode.git 2027
2023-12-05 10:42:36.784 [warning] [Decorations] CAPPING events from decorations provider vscode.git 2040
2023-12-05 10:42:37.316 [info] ExtensionService#_doActivateExtension vscode.emmet, startup: false, activationEvent: 'onLanguage'
2023-12-05 10:42:41.848 [warning] [Decorations] CAPPING events from decorations provider vscode.git 2040
2023-12-05 10:42:46.886 [warning] [Decorations] CAPPING events from decorations provider vscode.git 2040
2023-12-05 10:42:55.306 [warning] [Decorations] CAPPING events from decorations provider vscode.git 2040
2023-12-05 10:43:00.350 [warning] [Decorations] CAPPING events from decorations provider vscode.git 2040
2023-12-05 10:43:05.411 [warning] [Decorations] CAPPING events from decorations provider vscode.git 2040
2023-12-05 10:43:10.473 [warning] [Decorations] CAPPING events from decorations provider vscode.git 2040
2023-12-05 10:43:15.529 [warning] [Decorations] CAPPING events from decorations provider vscode.git 2040
2023-12-05 10:43:20.570 [warning] [Decorations] CAPPING events from decorations provider vscode.git 2040
2023-12-05 10:43:25.641 [warning] [Decorations] CAPPING events from decorations provider vscode.git 2040
2023-12-05 10:43:30.706 [warning] [Decorations] CAPPING events from decorations provider vscode.git 2040
2023-12-05 10:43:35.763 [warning] [Decorations] CAPPING events from decorations provider vscode.git 2040
2023-12-05 10:43:40.819 [warning] [Decorations] CAPPING events from decorations provider vscode.git 2040
2023-12-05 10:43:45.859 [warning] [Decorations] CAPPING events from decorations provider vscode.git 2040
2023-12-05 10:43:50.914 [warning] [Decorations] CAPPING events from decorations provider vscode.git 2040
2023-12-05 10:43:55.975 [warning] [Decorations] CAPPING events from decorations provider vscode.git 2040
2023-12-05 10:44:01.027 [warning] [Decorations] CAPPING events from decorations provider vscode.git 2040
2023-12-05 10:44:06.091 [warning] [Decorations] CAPPING events from decorations provider vscode.git 2040
2023-12-05 10:44:11.147 [warning] [Decorations] CAPPING events from decorations provider vscode.git 2040
2023-12-05 10:44:16.213 [warning] [Decorations] CAPPING events from decorations provider vscode.git 2040
2023-12-05 10:44:21.281 [warning] [Decorations] CAPPING events from decorations provider vscode.git 2040
2023-12-05 10:44:26.344 [warning] [Decorations] CAPPING events from decorations provider vscode.git 2040
2023-12-05 10:44:31.401 [warning] [Decorations] CAPPING events from decorations provider vscode.git 2040
2023-12-05 10:44:36.461 [warning] [Decorations] CAPPING events from decorations provider vscode.git 2040
2023-12-05 10:44:41.517 [warning] [Decorations] CAPPING events from decorations provider vscode.git 2040
2023-12-05 10:44:46.572 [warning] [Decorations] CAPPING events from decorations provider vscode.git 2040
2023-12-05 10:44:51.639 [warning] [Decorations] CAPPING events from decorations provider vscode.git 2040
2023-12-05 10:44:56.699 [warning] [Decorations] CAPPING events from decorations provider vscode.git 2040
2023-12-05 10:45:01.763 [warning] [Decorations] CAPPING events from decorations provider vscode.git 2040
2023-12-05 10:45:06.822 [warning] [Decorations] CAPPING events from decorations provider vscode.git 2040
2023-12-05 10:45:11.887 [warning] [Decorations] CAPPING events from decorations provider vscode.git 2040
2023-12-05 10:45:16.941 [warning] [Decorations] CAPPING events from decorations provider vscode.git 2040
2023-12-05 10:45:22.007 [warning] [Decorations] CAPPING events from decorations provider vscode.git 2040
2023-12-05 10:45:27.069 [warning] [Decorations] CAPPING events from decorations provider vscode.git 2040
2023-12-05 10:45:32.135 [warning] [Decorations] CAPPING events from decorations provider vscode.git 2040
2023-12-05 10:45:37.198 [warning] [Decorations] CAPPING events from decorations provider vscode.git 2040
2023-12-05 10:45:42.250 [warning] [Decorations] CAPPING events from decorations provider vscode.git 2040
2023-12-05 10:45:47.304 [warning] [Decorations] CAPPING events from decorations provider vscode.git 2040
2023-12-05 10:45:52.359 [warning] [Decorations] CAPPING events from decorations provider vscode.git 2040
2023-12-05 10:45:57.412 [warning] [Decorations] CAPPING events from decorations provider vscode.git 2040
2023-12-05 10:46:02.474 [warning] [Decorations] CAPPING events from decorations provider vscode.git 2040
2023-12-05 10:46:07.532 [warning] [Decorations] CAPPING events from decorations provider vscode.git 2040
2023-12-05 10:46:12.595 [warning] [Decorations] CAPPING events from decorations provider vscode.git 2040
2023-12-05 11:07:08.993 [warning] [Decorations] CAPPING events from decorations provider vscode.git 2040
2023-12-05 11:07:14.045 [warning] [Decorations] CAPPING events from decorations provider vscode.git 2040
2023-12-05 11:07:19.102 [warning] [Decorations] CAPPING events from decorations provider vscode.git 2040
2023-12-05 11:07:24.146 [warning] [Decorations] CAPPING events from decorations provider vscode.git 2040
2023-12-05 11:07:29.190 [warning] [Decorations] CAPPING events from decorations provider vscode.git 2040
2023-12-05 11:07:34.233 [warning] [Decorations] CAPPING events from decorations provider vscode.git 2040
2023-12-05 11:07:39.277 [warning] [Decorations] CAPPING events from decorations provider vscode.git 2040
2023-12-05 11:07:44.327 [warning] [Decorations] CAPPING events from decorations provider vscode.git 2040
2023-12-05 11:07:49.383 [warning] [Decorations] CAPPING events from decorations provider vscode.git 2040
2023-12-05 11:07:57.073 [warning] [Decorations] CAPPING events from decorations provider vscode.git 2040
2023-12-05 11:08:00.220 [info] ExtensionService#_doActivateExtension vscode.npm, startup: false, activationEvent: 'onTerminalQuickFixRequest:ms-vscode.npm-command'
2023-12-05 11:08:02.118 [warning] [Decorations] CAPPING events from decorations provider vscode.git 2040
2023-12-05 11:08:07.178 [warning] [Decorations] CAPPING events from decorations provider vscode.git 2040
2023-12-05 11:08:12.240 [warning] [Decorations] CAPPING events from decorations provider vscode.git 2040
2023-12-05 11:08:17.280 [warning] [Decorations] CAPPING events from decorations provider vscode.git 2040
2023-12-05 11:08:22.334 [warning] [Decorations] CAPPING events from decorations provider vscode.git 2040
2023-12-05 11:08:27.394 [warning] [Decorations] CAPPING events from decorations provider vscode.git 2040
2023-12-05 11:08:32.454 [warning] [Decorations] CAPPING events from decorations provider vscode.git 2040
2023-12-05 11:08:37.503 [warning] [Decorations] CAPPING events from decorations provider vscode.git 2041
2023-12-05 11:08:42.561 [warning] [Decorations] CAPPING events from decorations provider vscode.git 2041
2023-12-05 11:08:47.621 [warning] [Decorations] CAPPING events from decorations provider vscode.git 2041
2023-12-05 11:08:53.092 [warning] [Decorations] CAPPING events from decorations provider vscode.git 2041
2023-12-05 11:08:58.153 [warning] [Decorations] CAPPING events from decorations provider vscode.git 2041
2023-12-05 11:09:03.221 [warning] [Decorations] CAPPING events from decorations provider vscode.git 2041
2023-12-05 11:09:08.278 [warning] [Decorations] CAPPING events from decorations provider vscode.git 2041
2023-12-05 11:09:11.771 [info] ExtensionService#_doActivateExtension vscode.html-language-features, startup: false, activationEvent: 'onLanguage:html'
2023-12-05 11:09:13.325 [warning] [Decorations] CAPPING events from decorations provider vscode.git 2042
2023-12-05 11:09:18.374 [warning] [Decorations] CAPPING events from decorations provider vscode.git 2042
2023-12-05 11:09:23.418 [warning] [Decorations] CAPPING events from decorations provider vscode.git 2042
2023-12-05 11:09:28.462 [warning] [Decorations] CAPPING events from decorations provider vscode.git 2042
2023-12-05 11:09:33.508 [warning] [Decorations] CAPPING events from decorations provider vscode.git 2042
2023-12-05 11:09:38.559 [warning] [Decorations] CAPPING events from decorations provider vscode.git 2042
2023-12-05 11:09:43.605 [warning] [Decorations] CAPPING events from decorations provider vscode.git 2042
2023-12-05 11:09:48.651 [warning] [Decorations] CAPPING events from decorations provider vscode.git 2042
2023-12-05 11:09:53.710 [warning] [Decorations] CAPPING events from decorations provider vscode.git 2042
2023-12-05 11:09:58.770 [warning] [Decorations] CAPPING events from decorations provider vscode.git 2042
2023-12-05 11:10:03.835 [warning] [Decorations] CAPPING events from decorations provider vscode.git 2042
2023-12-05 11:10:08.893 [warning] [Decorations] CAPPING events from decorations provider vscode.git 2042
2023-12-05 11:10:13.963 [warning] [Decorations] CAPPING events from decorations provider vscode.git 2042
2023-12-05 11:10:19.004 [warning] [Decorations] CAPPING events from decorations provider vscode.git 2042
2023-12-05 11:10:24.046 [warning] [Decorations] CAPPING events from decorations provider vscode.git 2042
2023-12-05 11:10:29.091 [warning] [Decorations] CAPPING events from decorations provider vscode.git 2044
2023-12-05 11:12:57.890 [warning] [Decorations] CAPPING events from decorations provider vscode.git 2047
2023-12-05 11:13:02.938 [warning] [Decorations] CAPPING events from decorations provider vscode.git 2047
2023-12-05 11:13:04.043 [info] ExtensionService#_doActivateExtension vscode.json-language-features, startup: false, activationEvent: 'onLanguage:jsonc'
2023-12-05 11:13:04.044 [info] ExtensionService#_doActivateExtension vscode.typescript-language-features, startup: false, activationEvent: 'onLanguage:jsonc'
2023-12-05 11:13:10.575 [warning] [Decorations] CAPPING events from decorations provider vscode.git 2052
2023-12-05 11:23:07.950 [warning] [Decorations] CAPPING events from decorations provider vscode.git 2052
2023-12-05 11:23:13.009 [warning] [Decorations] CAPPING events from decorations provider vscode.git 2052
2023-12-05 11:23:19.794 [warning] [Decorations] CAPPING events from decorations provider vscode.git 2052
2023-12-05 11:23:24.837 [warning] [Decorations] CAPPING events from decorations provider vscode.git 2052
2023-12-05 11:23:29.893 [warning] [Decorations] CAPPING events from decorations provider vscode.git 2052
2023-12-05 11:23:34.953 [warning] [Decorations] CAPPING events from decorations provider vscode.git 2052
2023-12-05 11:23:40.016 [warning] [Decorations] CAPPING events from decorations provider vscode.git 2052
2023-12-05 11:23:45.065 [warning] [Decorations] CAPPING events from decorations provider vscode.git 2052
2023-12-05 11:23:50.124 [warning] [Decorations] CAPPING events from decorations provider vscode.git 2052
2023-12-05 11:23:55.177 [warning] [Decorations] CAPPING events from decorations provider vscode.git 2052
2023-12-05 11:24:00.236 [warning] [Decorations] CAPPING events from decorations provider vscode.git 2052
2023-12-05 11:24:05.294 [warning] [Decorations] CAPPING events from decorations provider vscode.git 2052
2023-12-05 11:24:10.346 [warning] [Decorations] CAPPING events from decorations provider vscode.git 2052
2023-12-05 11:24:15.403 [warning] [Decorations] CAPPING events from decorations provider vscode.git 2052
2023-12-05 11:24:20.466 [warning] [Decorations] CAPPING events from decorations provider vscode.git 2052
2023-12-05 11:24:25.533 [warning] [Decorations] CAPPING events from decorations provider vscode.git 2052
2023-12-05 11:24:30.600 [warning] [Decorations] CAPPING events from decorations provider vscode.git 2052
2023-12-05 11:24:35.661 [warning] [Decorations] CAPPING events from decorations provider vscode.git 2052
2023-12-05 11:24:40.725 [warning] [Decorations] CAPPING events from decorations provider vscode.git 2052
2023-12-05 11:24:45.783 [warning] [Decorations] CAPPING events from decorations provider vscode.git 2052
2023-12-05 11:24:50.851 [warning] [Decorations] CAPPING events from decorations provider vscode.git 2052
2023-12-05 11:24:55.914 [warning] [Decorations] CAPPING events from decorations provider vscode.git 2052
2023-12-05 11:25:00.978 [warning] [Decorations] CAPPING events from decorations provider vscode.git 2052
2023-12-05 11:25:06.038 [warning] [Decorations] CAPPING events from decorations provider vscode.git 2052
2023-12-05 11:25:11.106 [warning] [Decorations] CAPPING events from decorations provider vscode.git 2052
2023-12-05 11:25:16.168 [warning] [Decorations] CAPPING events from decorations provider vscode.git 2052
2023-12-05 11:25:21.217 [warning] [Decorations] CAPPING events from decorations provider vscode.git 2052
2023-12-05 11:25:28.583 [warning] [Decorations] CAPPING events from decorations provider vscode.git 2052
2023-12-05 11:25:33.644 [warning] [Decorations] CAPPING events from decorations provider vscode.git 2052
2023-12-05 11:25:38.684 [warning] [Decorations] CAPPING events from decorations provider vscode.git 2052
2023-12-05 11:25:43.745 [warning] [Decorations] CAPPING events from decorations provider vscode.git 2052
2023-12-05 11:25:48.807 [warning] [Decorations] CAPPING events from decorations provider vscode.git 2052
2023-12-05 11:25:53.861 [warning] [Decorations] CAPPING events from decorations provider vscode.git 2052
2023-12-05 11:25:58.938 [warning] [Decorations] CAPPING events from decorations provider vscode.git 2052
2023-12-05 11:26:04.006 [warning] [Decorations] CAPPING events from decorations provider vscode.git 2052
2023-12-05 11:26:09.066 [warning] [Decorations] CAPPING events from decorations provider vscode.git 2053
2023-12-05 11:26:14.115 [warning] [Decorations] CAPPING events from decorations provider vscode.git 2053
2023-12-05 11:26:20.615 [warning] [Decorations] CAPPING events from decorations provider vscode.git 2054
2023-12-05 11:26:25.685 [warning] [Decorations] CAPPING events from decorations provider vscode.git 2054
2023-12-05 11:26:30.731 [warning] [Decorations] CAPPING events from decorations provider vscode.git 2054
2023-12-05 11:26:35.787 [warning] [Decorations] CAPPING events from decorations provider vscode.git 2054
2023-12-05 11:26:40.842 [warning] [Decorations] CAPPING events from decorations provider vscode.git 2054
2023-12-05 11:26:45.906 [warning] [Decorations] CAPPING events from decorations provider vscode.git 2054
2023-12-05 11:26:50.980 [warning] [Decorations] CAPPING events from decorations provider vscode.git 2054
2023-12-05 11:26:56.037 [warning] [Decorations] CAPPING events from decorations provider vscode.git 2054
2023-12-05 11:27:01.112 [warning] [Decorations] CAPPING events from decorations provider vscode.git 2054
2023-12-05 11:27:06.174 [warning] [Decorations] CAPPING events from decorations provider vscode.git 2054
2023-12-05 11:27:12.657 [warning] [Decorations] CAPPING events from decorations provider vscode.git 2055
2023-12-05 11:27:17.726 [warning] [Decorations] CAPPING events from decorations provider vscode.git 2055
2023-12-05 11:27:22.791 [warning] [Decorations] CAPPING events from decorations provider vscode.git 2056
2023-12-05 11:27:23.119 [info] ExtensionService#_doActivateExtension vscode.css-language-features, startup: false, activationEvent: 'onLanguage:css'
2023-12-05 11:27:27.832 [warning] [Decorations] CAPPING events from decorations provider vscode.git 2056
2023-12-05 11:27:32.881 [warning] [Decorations] CAPPING events from decorations provider vscode.git 2056
2023-12-05 11:27:37.927 [warning] [Decorations] CAPPING events from decorations provider vscode.git 2056
2023-12-05 11:27:42.986 [warning] [Decorations] CAPPING events from decorations provider vscode.git 2056
2023-12-05 11:27:48.047 [warning] [Decorations] CAPPING events from decorations provider vscode.git 2056
2023-12-05 11:27:53.112 [warning] [Decorations] CAPPING events from decorations provider vscode.git 2055
2023-12-05 11:27:58.169 [warning] [Decorations] CAPPING events from decorations provider vscode.git 2055
2023-12-05 11:28:06.694 [warning] [Decorations] CAPPING events from decorations provider vscode.git 2055
2023-12-05 11:28:11.778 [warning] [Decorations] CAPPING events from decorations provider vscode.git 2055
2023-12-05 11:28:16.847 [warning] [Decorations] CAPPING events from decorations provider vscode.git 2055
2023-12-05 11:28:21.894 [warning] [Decorations] CAPPING events from decorations provider vscode.git 2055
2023-12-05 11:28:26.959 [warning] [Decorations] CAPPING events from decorations provider vscode.git 2055
2023-12-05 11:28:32.024 [warning] [Decorations] CAPPING events from decorations provider vscode.git 2055
2023-12-05 11:28:37.088 [warning] [Decorations] CAPPING events from decorations provider vscode.git 2055
2023-12-05 11:28:42.138 [warning] [Decorations] CAPPING events from decorations provider vscode.git 2055
2023-12-05 11:28:47.192 [warning] [Decorations] CAPPING events from decorations provider vscode.git 2055
2023-12-05 11:32:12.479 [warning] [Decorations] CAPPING events from decorations provider vscode.git 2055
2023-12-05 11:32:17.541 [warning] [Decorations] CAPPING events from decorations provider vscode.git 2055
2023-12-05 11:32:24.510 [warning] [Decorations] CAPPING events from decorations provider vscode.git 2055
2023-12-05 11:32:29.555 [warning] [Decorations] CAPPING events from decorations provider vscode.git 2055
2023-12-05 11:32:35.015 [warning] [Decorations] CAPPING events from decorations provider vscode.git 2055
2023-12-05 11:32:40.070 [warning] [Decorations] CAPPING events from decorations provider vscode.git 2055
2023-12-05 11:32:45.115 [warning] [Decorations] CAPPING events from decorations provider vscode.git 2055
2023-12-05 11:32:50.159 [warning] [Decorations] CAPPING events from decorations provider vscode.git 2055
2023-12-05 11:32:55.219 [warning] [Decorations] CAPPING events from decorations provider vscode.git 2055
2023-12-05 11:33:00.284 [warning] [Decorations] CAPPING events from decorations provider vscode.git 2055
2023-12-05 11:33:05.338 [warning] [Decorations] CAPPING events from decorations provider vscode.git 2055
2023-12-05 11:33:10.391 [warning] [Decorations] CAPPING events from decorations provider vscode.git 2055
2023-12-05 11:33:15.447 [warning] [Decorations] CAPPING events from decorations provider vscode.git 2055
2023-12-05 11:33:21.988 [warning] [Decorations] CAPPING events from decorations provider vscode.git 2055
2023-12-05 11:33:27.052 [warning] [Decorations] CAPPING events from decorations provider vscode.git 2055
2023-12-05 11:33:32.110 [warning] [Decorations] CAPPING events from decorations provider vscode.git 2055
2023-12-05 11:33:37.161 [warning] [Decorations] CAPPING events from decorations provider vscode.git 2055
2023-12-05 11:33:42.221 [warning] [Decorations] CAPPING events from decorations provider vscode.git 2055
2023-12-05 11:33:47.281 [warning] [Decorations] CAPPING events from decorations provider vscode.git 2055
2023-12-05 11:33:52.340 [warning] [Decorations] CAPPING events from decorations provider vscode.git 2055
2023-12-05 11:33:57.408 [warning] [Decorations] CAPPING events from decorations provider vscode.git 2055
2023-12-05 11:34:02.467 [warning] [Decorations] CAPPING events from decorations provider vscode.git 2055
2023-12-05 11:34:07.532 [warning] [Decorations] CAPPING events from decorations provider vscode.git 2055
2023-12-05 11:34:12.594 [warning] [Decorations] CAPPING events from decorations provider vscode.git 2055
2023-12-05 11:34:17.652 [warning] [Decorations] CAPPING events from decorations provider vscode.git 2055
2023-12-05 11:34:22.715 [warning] [Decorations] CAPPING events from decorations provider vscode.git 2055
2023-12-05 11:34:27.771 [warning] [Decorations] CAPPING events from decorations provider vscode.git 2055
2023-12-05 11:34:32.818 [warning] [Decorations] CAPPING events from decorations provider vscode.git 2055
2023-12-05 11:34:37.880 [warning] [Decorations] CAPPING events from decorations provider vscode.git 2055
2023-12-05 11:34:42.940 [warning] [Decorations] CAPPING events from decorations provider vscode.git 2055
2023-12-05 11:34:47.997 [warning] [Decorations] CAPPING events from decorations provider vscode.git 2055
2023-12-05 11:34:53.055 [warning] [Decorations] CAPPING events from decorations provider vscode.git 2055
2023-12-05 11:34:58.120 [warning] [Decorations] CAPPING events from decorations provider vscode.git 2055
2023-12-05 11:35:03.194 [warning] [Decorations] CAPPING events from decorations provider vscode.git 2055
2023-12-05 11:35:08.253 [warning] [Decorations] CAPPING events from decorations provider vscode.git 2055
2023-12-05 11:35:13.308 [warning] [Decorations] CAPPING events from decorations provider vscode.git 2055
2023-12-05 11:35:18.366 [warning] [Decorations] CAPPING events from decorations provider vscode.git 2055
2023-12-05 11:35:23.431 [warning] [Decorations] CAPPING events from decorations provider vscode.git 2055
2023-12-05 11:35:28.488 [warning] [Decorations] CAPPING events from decorations provider vscode.git 2055
2023-12-05 11:35:33.551 [warning] [Decorations] CAPPING events from decorations provider vscode.git 2055
2023-12-05 11:35:38.608 [warning] [Decorations] CAPPING events from decorations provider vscode.git 2055
2023-12-05 11:35:43.668 [warning] [Decorations] CAPPING events from decorations provider vscode.git 2055
2023-12-05 11:35:48.730 [warning] [Decorations] CAPPING events from decorations provider vscode.git 2055
2023-12-05 11:35:53.795 [warning] [Decorations] CAPPING events from decorations provider vscode.git 2055
2023-12-05 11:35:58.849 [warning] [Decorations] CAPPING events from decorations provider vscode.git 2055
2023-12-05 11:36:03.912 [warning] [Decorations] CAPPING events from decorations provider vscode.git 2055
2023-12-05 11:36:08.974 [warning] [Decorations] CAPPING events from decorations provider vscode.git 2055
2023-12-05 11:36:14.032 [warning] [Decorations] CAPPING events from decorations provider vscode.git 2055
2023-12-05 11:36:19.088 [warning] [Decorations] CAPPING events from decorations provider vscode.git 2055
2023-12-05 11:36:24.153 [warning] [Decorations] CAPPING events from decorations provider vscode.git 2055
2023-12-05 11:36:29.205 [warning] [Decorations] CAPPING events from decorations provider vscode.git 2055
2023-12-05 11:36:34.263 [warning] [Decorations] CAPPING events from decorations provider vscode.git 2055
2023-12-05 11:36:39.324 [warning] [Decorations] CAPPING events from decorations provider vscode.git 2055
2023-12-05 11:36:45.695 [warning] [Decorations] CAPPING events from decorations provider vscode.git 2055
2023-12-05 11:36:50.761 [warning] [Decorations] CAPPING events from decorations provider vscode.git 2055
2023-12-05 11:36:55.817 [warning] [Decorations] CAPPING events from decorations provider vscode.git 2055
2023-12-05 11:37:00.881 [warning] [Decorations] CAPPING events from decorations provider vscode.git 2055
2023-12-05 11:37:05.932 [warning] [Decorations] CAPPING events from decorations provider vscode.git 2055
2023-12-05 11:37:10.989 [warning] [Decorations] CAPPING events from decorations provider vscode.git 2055
2023-12-05 11:37:16.712 [warning] [Decorations] CAPPING events from decorations provider vscode.git 2055
2023-12-05 11:37:21.770 [warning] [Decorations] CAPPING events from decorations provider vscode.git 2055
2023-12-05 11:37:26.827 [warning] [Decorations] CAPPING events from decorations provider vscode.git 2055
2023-12-05 11:37:31.887 [warning] [Decorations] CAPPING events from decorations provider vscode.git 2055
2023-12-05 11:37:36.946 [warning] [Decorations] CAPPING events from decorations provider vscode.git 2055
2023-12-05 11:37:42.724 [warning] [Decorations] CAPPING events from decorations provider vscode.git 2055
2023-12-05 11:37:47.791 [warning] [Decorations] CAPPING events from decorations provider vscode.git 2055
2023-12-05 11:37:52.849 [warning] [Decorations] CAPPING events from decorations provider vscode.git 2055
2023-12-05 11:37:57.905 [warning] [Decorations] CAPPING events from decorations provider vscode.git 2055
2023-12-05 11:38:02.966 [warning] [Decorations] CAPPING events from decorations provider vscode.git 2055
2023-12-05 11:38:08.018 [warning] [Decorations] CAPPING events from decorations provider vscode.git 2055
2023-12-05 11:38:13.071 [warning] [Decorations] CAPPING events from decorations provider vscode.git 2055
2023-12-05 11:38:18.124 [warning] [Decorations] CAPPING events from decorations provider vscode.git 2055
2023-12-05 11:38:23.177 [warning] [Decorations] CAPPING events from decorations provider vscode.git 2055
2023-12-05 11:38:28.234 [warning] [Decorations] CAPPING events from decorations provider vscode.git 2055
2023-12-05 11:38:33.289 [warning] [Decorations] CAPPING events from decorations provider vscode.git 2055
2023-12-05 11:38:38.353 [warning] [Decorations] CAPPING events from decorations provider vscode.git 2055
2023-12-05 11:38:43.407 [warning] [Decorations] CAPPING events from decorations provider vscode.git 2055
2023-12-05 11:38:48.473 [warning] [Decorations] CAPPING events from decorations provider vscode.git 2055
2023-12-05 11:38:53.526 [warning] [Decorations] CAPPING events from decorations provider vscode.git 2055
2023-12-05 11:38:58.585 [warning] [Decorations] CAPPING events from decorations provider vscode.git 2055
2023-12-05 11:39:03.645 [warning] [Decorations] CAPPING events from decorations provider vscode.git 2055
2023-12-05 11:39:08.701 [warning] [Decorations] CAPPING events from decorations provider vscode.git 2055
2023-12-05 11:39:13.762 [warning] [Decorations] CAPPING events from decorations provider vscode.git 2055
2023-12-05 11:39:18.825 [warning] [Decorations] CAPPING events from decorations provider vscode.git 2055
2023-12-05 11:39:23.885 [warning] [Decorations] CAPPING events from decorations provider vscode.git 2055
2023-12-05 11:39:28.955 [warning] [Decorations] CAPPING events from decorations provider vscode.git 2055
2023-12-05 11:39:34.326 [warning] [Decorations] CAPPING events from decorations provider vscode.git 2055
2023-12-05 11:39:39.393 [warning] [Decorations] CAPPING events from decorations provider vscode.git 2055
2023-12-05 11:39:44.455 [warning] [Decorations] CAPPING events from decorations provider vscode.git 2055
2023-12-05 11:39:49.518 [warning] [Decorations] CAPPING events from decorations provider vscode.git 2055
2023-12-05 11:39:54.574 [warning] [Decorations] CAPPING events from decorations provider vscode.git 2055
2023-12-05 11:39:59.634 [warning] [Decorations] CAPPING events from decorations provider vscode.git 2055
2023-12-05 11:40:04.688 [warning] [Decorations] CAPPING events from decorations provider vscode.git 2055
2023-12-05 11:40:09.754 [warning] [Decorations] CAPPING events from decorations provider vscode.git 2055
2023-12-05 11:40:14.812 [warning] [Decorations] CAPPING events from decorations provider vscode.git 2055
2023-12-05 11:40:19.879 [warning] [Decorations] CAPPING events from decorations provider vscode.git 2055
2023-12-05 11:40:24.947 [warning] [Decorations] CAPPING events from decorations provider vscode.git 2055
2023-12-05 11:40:30.002 [warning] [Decorations] CAPPING events from decorations provider vscode.git 2055
2023-12-05 11:40:38.380 [warning] [Decorations] CAPPING events from decorations provider vscode.git 2055
2023-12-05 11:40:43.435 [warning] [Decorations] CAPPING events from decorations provider vscode.git 2055
2023-12-05 11:40:48.486 [warning] [Decorations] CAPPING events from decorations provider vscode.git 2055
2023-12-05 11:40:53.547 [warning] [Decorations] CAPPING events from decorations provider vscode.git 2055
2023-12-05 11:40:58.609 [warning] [Decorations] CAPPING events from decorations provider vscode.git 2055
2023-12-05 11:41:03.675 [warning] [Decorations] CAPPING events from decorations provider vscode.git 2055
2023-12-05 11:41:08.725 [warning] [Decorations] CAPPING events from decorations provider vscode.git 2055
2023-12-05 11:41:13.782 [warning] [Decorations] CAPPING events from decorations provider vscode.git 2055
2023-12-05 11:41:18.840 [warning] [Decorations] CAPPING events from decorations provider vscode.git 2055
2023-12-05 11:41:23.898 [warning] [Decorations] CAPPING events from decorations provider vscode.git 2055
2023-12-05 11:41:28.960 [warning] [Decorations] CAPPING events from decorations provider vscode.git 2055
2023-12-05 11:41:34.016 [warning] [Decorations] CAPPING events from decorations provider vscode.git 2055
2023-12-05 11:41:39.066 [warning] [Decorations] CAPPING events from decorations provider vscode.git 2055
2023-12-05 11:41:44.126 [warning] [Decorations] CAPPING events from decorations provider vscode.git 2055
2023-12-05 11:41:49.183 [warning] [Decorations] CAPPING events from decorations provider vscode.git 2055
2023-12-05 11:41:54.236 [warning] [Decorations] CAPPING events from decorations provider vscode.git 2055
2023-12-05 11:41:59.296 [warning] [Decorations] CAPPING events from decorations provider vscode.git 2055
2023-12-05 11:42:04.358 [warning] [Decorations] CAPPING events from decorations provider vscode.git 2055
2023-12-05 11:42:09.400 [warning] [Decorations] CAPPING events from decorations provider vscode.git 2055
2023-12-05 11:42:15.780 [warning] [Decorations] CAPPING events from decorations provider vscode.git 2055
2023-12-05 11:42:20.845 [warning] [Decorations] CAPPING events from decorations provider vscode.git 2055
2023-12-05 11:42:25.885 [warning] [Decorations] CAPPING events from decorations provider vscode.git 2055
2023-12-05 11:42:30.951 [warning] [Decorations] CAPPING events from decorations provider vscode.git 2055
2023-12-05 11:42:36.011 [warning] [Decorations] CAPPING events from decorations provider vscode.git 2055
2023-12-05 11:42:41.075 [warning] [Decorations] CAPPING events from decorations provider vscode.git 2055
2023-12-05 11:42:47.785 [warning] [Decorations] CAPPING events from decorations provider vscode.git 2055
2023-12-05 11:42:53.794 [warning] [Decorations] CAPPING events from decorations provider vscode.git 2055
2023-12-05 11:42:58.833 [warning] [Decorations] CAPPING events from decorations provider vscode.git 2055
2023-12-05 11:43:03.891 [warning] [Decorations] CAPPING events from decorations provider vscode.git 2055
2023-12-05 11:43:08.945 [warning] [Decorations] CAPPING events from decorations provider vscode.git 2055
2023-12-05 11:43:14.003 [warning] [Decorations] CAPPING events from decorations provider vscode.git 2055
2023-12-05 11:43:19.063 [warning] [Decorations] CAPPING events from decorations provider vscode.git 2055
2023-12-05 11:43:24.121 [warning] [Decorations] CAPPING events from decorations provider vscode.git 2055
2023-12-05 11:43:29.178 [warning] [Decorations] CAPPING events from decorations provider vscode.git 2055
2023-12-05 11:43:34.236 [warning] [Decorations] CAPPING events from decorations provider vscode.git 2055
2023-12-05 11:43:39.297 [warning] [Decorations] CAPPING events from decorations provider vscode.git 2055
2023-12-05 11:43:44.354 [warning] [Decorations] CAPPING events from decorations provider vscode.git 2055
2023-12-05 11:43:49.409 [warning] [Decorations] CAPPING events from decorations provider vscode.git 2055
2023-12-05 11:43:54.466 [warning] [Decorations] CAPPING events from decorations provider vscode.git 2055
2023-12-05 11:43:59.520 [warning] [Decorations] CAPPING events from decorations provider vscode.git 2055
2023-12-05 11:44:04.581 [warning] [Decorations] CAPPING events from decorations provider vscode.git 2055
2023-12-05 11:44:09.637 [warning] [Decorations] CAPPING events from decorations provider vscode.git 2055
2023-12-05 11:44:14.695 [warning] [Decorations] CAPPING events from decorations provider vscode.git 2055
2023-12-05 11:44:19.760 [warning] [Decorations] CAPPING events from decorations provider vscode.git 2055
2023-12-05 11:44:24.817 [warning] [Decorations] CAPPING events from decorations provider vscode.git 2055
2023-12-05 11:44:31.184 [warning] [Decorations] CAPPING events from decorations provider vscode.git 2055
2023-12-05 11:44:36.239 [warning] [Decorations] CAPPING events from decorations provider vscode.git 2055
2023-12-05 11:44:41.296 [warning] [Decorations] CAPPING events from decorations provider vscode.git 2055
2023-12-05 11:44:46.356 [warning] [Decorations] CAPPING events from decorations provider vscode.git 2055
2023-12-05 11:44:51.408 [warning] [Decorations] CAPPING events from decorations provider vscode.git 2055
2023-12-05 11:44:56.475 [warning] [Decorations] CAPPING events from decorations provider vscode.git 2055
2023-12-05 11:45:01.532 [warning] [Decorations] CAPPING events from decorations provider vscode.git 2055
2023-12-05 11:45:06.593 [warning] [Decorations] CAPPING events from decorations provider vscode.git 2055
2023-12-05 11:45:11.651 [warning] [Decorations] CAPPING events from decorations provider vscode.git 2055
2023-12-05 11:45:16.711 [warning] [Decorations] CAPPING events from decorations provider vscode.git 2055
2023-12-05 11:45:21.763 [warning] [Decorations] CAPPING events from decorations provider vscode.git 2055
2023-12-05 11:45:26.819 [warning] [Decorations] CAPPING events from decorations provider vscode.git 2055
2023-12-05 11:45:31.869 [warning] [Decorations] CAPPING events from decorations provider vscode.git 2055
2023-12-05 11:45:36.933 [warning] [Decorations] CAPPING events from decorations provider vscode.git 2055
2023-12-05 11:45:41.987 [warning] [Decorations] CAPPING events from decorations provider vscode.git 2055
2023-12-05 11:45:48.363 [warning] [Decorations] CAPPING events from decorations provider vscode.git 2055
2023-12-05 11:45:53.425 [warning] [Decorations] CAPPING events from decorations provider vscode.git 2055
2023-12-05 11:45:59.361 [warning] [Decorations] CAPPING events from decorations provider vscode.git 2055
2023-12-05 11:46:04.426 [warning] [Decorations] CAPPING events from decorations provider vscode.git 2055
2023-12-05 11:46:09.492 [warning] [Decorations] CAPPING events from decorations provider vscode.git 2055
2023-12-05 11:46:14.552 [warning] [Decorations] CAPPING events from decorations provider vscode.git 2055
2023-12-05 11:46:19.605 [warning] [Decorations] CAPPING events from decorations provider vscode.git 2055
2023-12-05 11:46:24.643 [warning] [Decorations] CAPPING events from decorations provider vscode.git 2055
2023-12-05 11:46:29.695 [warning] [Decorations] CAPPING events from decorations provider vscode.git 2055
2023-12-05 11:46:34.759 [warning] [Decorations] CAPPING events from decorations provider vscode.git 2055
2023-12-05 11:46:39.815 [warning] [Decorations] CAPPING events from decorations provider vscode.git 2055
2023-12-05 11:46:44.880 [warning] [Decorations] CAPPING events from decorations provider vscode.git 2055
2023-12-05 11:46:49.939 [warning] [Decorations] CAPPING events from decorations provider vscode.git 2055
2023-12-05 11:46:54.996 [warning] [Decorations] CAPPING events from decorations provider vscode.git 2055
2023-12-05 11:47:00.062 [warning] [Decorations] CAPPING events from decorations provider vscode.git 2055
2023-12-05 11:47:05.120 [warning] [Decorations] CAPPING events from decorations provider vscode.git 2055
2023-12-05 11:47:10.177 [warning] [Decorations] CAPPING events from decorations provider vscode.git 2055
2023-12-05 11:47:15.234 [warning] [Decorations] CAPPING events from decorations provider vscode.git 2055
2023-12-05 11:47:21.616 [warning] [Decorations] CAPPING events from decorations provider vscode.git 2055
2023-12-05 11:47:26.683 [warning] [Decorations] CAPPING events from decorations provider vscode.git 2055
2023-12-05 11:47:31.752 [warning] [Decorations] CAPPING events from decorations provider vscode.git 2055
2023-12-05 11:47:37.613 [warning] [Decorations] CAPPING events from decorations provider vscode.git 2055
2023-12-05 11:47:42.669 [warning] [Decorations] CAPPING events from decorations provider vscode.git 2055
2023-12-05 11:47:47.723 [warning] [Decorations] CAPPING events from decorations provider vscode.git 2055
2023-12-05 11:47:52.772 [warning] [Decorations] CAPPING events from decorations provider vscode.git 2055
2023-12-05 11:47:57.831 [warning] [Decorations] CAPPING events from decorations provider vscode.git 2055
2023-12-05 11:48:02.887 [warning] [Decorations] CAPPING events from decorations provider vscode.git 2055
2023-12-05 11:48:07.951 [warning] [Decorations] CAPPING events from decorations provider vscode.git 2055
2023-12-05 11:48:13.018 [warning] [Decorations] CAPPING events from decorations provider vscode.git 2055
2023-12-05 11:48:18.073 [warning] [Decorations] CAPPING events from decorations provider vscode.git 2055
2023-12-05 11:48:23.128 [warning] [Decorations] CAPPING events from decorations provider vscode.git 2055
2023-12-05 11:48:28.187 [warning] [Decorations] CAPPING events from decorations provider vscode.git 2055
2023-12-05 11:48:34.659 [warning] [Decorations] CAPPING events from decorations provider vscode.git 2055
2023-12-05 11:48:39.725 [warning] [Decorations] CAPPING events from decorations provider vscode.git 2055
2023-12-05 11:48:44.795 [warning] [Decorations] CAPPING events from decorations provider vscode.git 2055
2023-12-05 11:48:49.852 [warning] [Decorations] CAPPING events from decorations provider vscode.git 2055
2023-12-05 11:48:54.920 [warning] [Decorations] CAPPING events from decorations provider vscode.git 2055
2023-12-05 11:48:59.977 [warning] [Decorations] CAPPING events from decorations provider vscode.git 2055
2023-12-05 11:49:05.037 [warning] [Decorations] CAPPING events from decorations provider vscode.git 2055
2023-12-05 11:49:10.093 [warning] [Decorations] CAPPING events from decorations provider vscode.git 2055
2023-12-05 11:49:15.151 [warning] [Decorations] CAPPING events from decorations provider vscode.git 2055
2023-12-05 11:49:20.204 [warning] [Decorations] CAPPING events from decorations provider vscode.git 2055
2023-12-05 11:49:25.263 [warning] [Decorations] CAPPING events from decorations provider vscode.git 2055
2023-12-05 11:49:30.314 [warning] [Decorations] CAPPING events from decorations provider vscode.git 2055
2023-12-05 11:49:35.368 [warning] [Decorations] CAPPING events from decorations provider vscode.git 2055
2023-12-05 11:49:40.422 [warning] [Decorations] CAPPING events from decorations provider vscode.git 2055
2023-12-05 11:49:45.489 [warning] [Decorations] CAPPING events from decorations provider vscode.git 2055
2023-12-05 11:49:50.554 [warning] [Decorations] CAPPING events from decorations provider vscode.git 2055
2023-12-05 11:49:55.612 [warning] [Decorations] CAPPING events from decorations provider vscode.git 2055
2023-12-05 11:50:00.678 [warning] [Decorations] CAPPING events from decorations provider vscode.git 2055
2023-12-05 11:50:05.732 [warning] [Decorations] CAPPING events from decorations provider vscode.git 2055
2023-12-05 11:50:10.779 [warning] [Decorations] CAPPING events from decorations provider vscode.git 2055
2023-12-05 11:50:15.840 [warning] [Decorations] CAPPING events from decorations provider vscode.git 2055
2023-12-05 11:50:20.907 [warning] [Decorations] CAPPING events from decorations provider vscode.git 2055
2023-12-05 11:50:25.966 [warning] [Decorations] CAPPING events from decorations provider vscode.git 2055
2023-12-05 11:50:31.031 [warning] [Decorations] CAPPING events from decorations provider vscode.git 2055
2023-12-05 11:50:36.084 [warning] [Decorations] CAPPING events from decorations provider vscode.git 2055
2023-12-05 11:50:41.164 [warning] [Decorations] CAPPING events from decorations provider vscode.git 2055
2023-12-05 11:50:46.224 [warning] [Decorations] CAPPING events from decorations provider vscode.git 2055
2023-12-05 11:50:51.284 [warning] [Decorations] CAPPING events from decorations provider vscode.git 2055
2023-12-05 11:50:56.338 [warning] [Decorations] CAPPING events from decorations provider vscode.git 2055
2023-12-05 11:51:01.395 [warning] [Decorations] CAPPING events from decorations provider vscode.git 2055
2023-12-05 11:51:06.452 [warning] [Decorations] CAPPING events from decorations provider vscode.git 2055
2023-12-05 11:51:11.515 [warning] [Decorations] CAPPING events from decorations provider vscode.git 2055
2023-12-05 11:51:16.565 [warning] [Decorations] CAPPING events from decorations provider vscode.git 2055
2023-12-05 11:51:21.623 [warning] [Decorations] CAPPING events from decorations provider vscode.git 2055
2023-12-05 11:51:26.676 [warning] [Decorations] CAPPING events from decorations provider vscode.git 2055
2023-12-05 11:51:31.728 [warning] [Decorations] CAPPING events from decorations provider vscode.git 2055
2023-12-05 11:51:36.799 [warning] [Decorations] CAPPING events from decorations provider vscode.git 2055
2023-12-05 11:51:41.862 [warning] [Decorations] CAPPING events from decorations provider vscode.git 2055
2023-12-05 11:51:46.914 [warning] [Decorations] CAPPING events from decorations provider vscode.git 2055
2023-12-05 11:51:51.972 [warning] [Decorations] CAPPING events from decorations provider vscode.git 2055
2023-12-05 11:51:57.031 [warning] [Decorations] CAPPING events from decorations provider vscode.git 2055
2023-12-05 11:52:02.076 [warning] [Decorations] CAPPING events from decorations provider vscode.git 2055
2023-12-05 11:52:07.137 [warning] [Decorations] CAPPING events from decorations provider vscode.git 2055
2023-12-05 11:52:12.201 [warning] [Decorations] CAPPING events from decorations provider vscode.git 2055
2023-12-05 11:52:17.261 [warning] [Decorations] CAPPING events from decorations provider vscode.git 2055
2023-12-05 11:52:22.306 [warning] [Decorations] CAPPING events from decorations provider vscode.git 2055
2023-12-05 11:52:27.365 [warning] [Decorations] CAPPING events from decorations provider vscode.git 2055
2023-12-05 11:52:32.428 [warning] [Decorations] CAPPING events from decorations provider vscode.git 2055
2023-12-05 11:52:37.491 [warning] [Decorations] CAPPING events from decorations provider vscode.git 2055
2023-12-05 11:52:42.540 [warning] [Decorations] CAPPING events from decorations provider vscode.git 2055
2023-12-05 11:52:47.604 [warning] [Decorations] CAPPING events from decorations provider vscode.git 2055
2023-12-05 11:52:52.664 [warning] [Decorations] CAPPING events from decorations provider vscode.git 2055
2023-12-05 11:52:57.720 [warning] [Decorations] CAPPING events from decorations provider vscode.git 2055
2023-12-05 11:53:02.771 [warning] [Decorations] CAPPING events from decorations provider vscode.git 2055
2023-12-05 11:53:07.829 [warning] [Decorations] CAPPING events from decorations provider vscode.git 2055
2023-12-05 11:53:12.884 [warning] [Decorations] CAPPING events from decorations provider vscode.git 2055
2023-12-05 11:53:17.947 [warning] [Decorations] CAPPING events from decorations provider vscode.git 2055
2023-12-05 11:53:23.002 [warning] [Decorations] CAPPING events from decorations provider vscode.git 2055
2023-12-05 11:53:28.059 [warning] [Decorations] CAPPING events from decorations provider vscode.git 2055
2023-12-05 11:53:33.120 [warning] [Decorations] CAPPING events from decorations provider vscode.git 2055
2023-12-05 11:53:38.173 [warning] [Decorations] CAPPING events from decorations provider vscode.git 2055
2023-12-05 11:53:43.229 [warning] [Decorations] CAPPING events from decorations provider vscode.git 2055
2023-12-05 11:53:48.290 [warning] [Decorations] CAPPING events from decorations provider vscode.git 2055
2023-12-05 11:53:53.349 [warning] [Decorations] CAPPING events from decorations provider vscode.git 2055
2023-12-05 11:53:58.408 [warning] [Decorations] CAPPING events from decorations provider vscode.git 2055
2023-12-05 11:54:03.466 [warning] [Decorations] CAPPING events from decorations provider vscode.git 2055
2023-12-05 11:54:08.521 [warning] [Decorations] CAPPING events from decorations provider vscode.git 2055
2023-12-05 11:54:13.582 [warning] [Decorations] CAPPING events from decorations provider vscode.git 2055
2023-12-05 11:54:18.642 [warning] [Decorations] CAPPING events from decorations provider vscode.git 2055
2023-12-05 11:54:23.701 [warning] [Decorations] CAPPING events from decorations provider vscode.git 2055
2023-12-05 11:54:28.758 [warning] [Decorations] CAPPING events from decorations provider vscode.git 2055
2023-12-05 11:54:33.811 [warning] [Decorations] CAPPING events from decorations provider vscode.git 2055
2023-12-05 11:54:38.870 [warning] [Decorations] CAPPING events from decorations provider vscode.git 2055
2023-12-05 11:54:43.921 [warning] [Decorations] CAPPING events from decorations provider vscode.git 2055
2023-12-05 11:54:48.971 [warning] [Decorations] CAPPING events from decorations provider vscode.git 2055
2023-12-05 11:54:54.031 [warning] [Decorations] CAPPING events from decorations provider vscode.git 2055
2023-12-05 11:54:59.088 [warning] [Decorations] CAPPING events from decorations provider vscode.git 2055
2023-12-05 11:55:04.146 [warning] [Decorations] CAPPING events from decorations provider vscode.git 2055
2023-12-05 11:55:09.203 [warning] [Decorations] CAPPING events from decorations provider vscode.git 2055
2023-12-05 11:55:14.259 [warning] [Decorations] CAPPING events from decorations provider vscode.git 2055
2023-12-05 11:55:19.324 [warning] [Decorations] CAPPING events from decorations provider vscode.git 2055
2023-12-05 11:55:24.392 [warning] [Decorations] CAPPING events from decorations provider vscode.git 2055
2023-12-05 11:55:29.433 [warning] [Decorations] CAPPING events from decorations provider vscode.git 2055
2023-12-05 11:55:34.488 [warning] [Decorations] CAPPING events from decorations provider vscode.git 2055
2023-12-05 11:55:39.545 [warning] [Decorations] CAPPING events from decorations provider vscode.git 2055
2023-12-05 11:55:44.606 [warning] [Decorations] CAPPING events from decorations provider vscode.git 2055
2023-12-05 11:55:49.666 [warning] [Decorations] CAPPING events from decorations provider vscode.git 2055
2023-12-05 11:55:54.726 [warning] [Decorations] CAPPING events from decorations provider vscode.git 2055
2023-12-05 11:55:59.781 [warning] [Decorations] CAPPING events from decorations provider vscode.git 2055
2023-12-05 11:56:04.840 [warning] [Decorations] CAPPING events from decorations provider vscode.git 2055
2023-12-05 11:56:09.895 [warning] [Decorations] CAPPING events from decorations provider vscode.git 2055
2023-12-05 11:56:14.961 [warning] [Decorations] CAPPING events from decorations provider vscode.git 2055
2023-12-05 11:56:20.024 [warning] [Decorations] CAPPING events from decorations provider vscode.git 2055
2023-12-05 11:56:25.069 [warning] [Decorations] CAPPING events from decorations provider vscode.git 2055
2023-12-05 11:56:30.137 [warning] [Decorations] CAPPING events from decorations provider vscode.git 2055
2023-12-05 11:56:35.197 [warning] [Decorations] CAPPING events from decorations provider vscode.git 2055
2023-12-05 11:56:40.249 [warning] [Decorations] CAPPING events from decorations provider vscode.git 2055
2023-12-05 11:56:45.312 [warning] [Decorations] CAPPING events from decorations provider vscode.git 2055
2023-12-05 11:56:50.376 [warning] [Decorations] CAPPING events from decorations provider vscode.git 2055
2023-12-05 11:56:55.442 [warning] [Decorations] CAPPING events from decorations provider vscode.git 2055
2023-12-05 11:57:00.505 [warning] [Decorations] CAPPING events from decorations provider vscode.git 2055
2023-12-05 11:57:05.557 [warning] [Decorations] CAPPING events from decorations provider vscode.git 2055
2023-12-05 11:57:10.620 [warning] [Decorations] CAPPING events from decorations provider vscode.git 2055
2023-12-05 11:57:15.676 [warning] [Decorations] CAPPING events from decorations provider vscode.git 2055
2023-12-05 11:57:20.739 [warning] [Decorations] CAPPING events from decorations provider vscode.git 2055
2023-12-05 11:57:25.801 [warning] [Decorations] CAPPING events from decorations provider vscode.git 2055
2023-12-05 11:57:30.858 [warning] [Decorations] CAPPING events from decorations provider vscode.git 2055
2023-12-05 11:57:35.911 [warning] [Decorations] CAPPING events from decorations provider vscode.git 2055
2023-12-05 11:57:40.964 [warning] [Decorations] CAPPING events from decorations provider vscode.git 2055
2023-12-05 11:57:46.023 [warning] [Decorations] CAPPING events from decorations provider vscode.git 2055
2023-12-05 11:57:51.087 [warning] [Decorations] CAPPING events from decorations provider vscode.git 2055
2023-12-05 11:57:56.133 [warning] [Decorations] CAPPING events from decorations provider vscode.git 2055
2023-12-05 11:58:01.197 [warning] [Decorations] CAPPING events from decorations provider vscode.git 2055
2023-12-05 11:58:06.256 [warning] [Decorations] CAPPING events from decorations provider vscode.git 2055
2023-12-05 11:58:11.316 [warning] [Decorations] CAPPING events from decorations provider vscode.git 2055
2023-12-05 11:58:16.372 [warning] [Decorations] CAPPING events from decorations provider vscode.git 2055
2023-12-05 11:58:21.434 [warning] [Decorations] CAPPING events from decorations provider vscode.git 2055
2023-12-05 11:58:26.504 [warning] [Decorations] CAPPING events from decorations provider vscode.git 2055
2023-12-05 11:58:31.558 [warning] [Decorations] CAPPING events from decorations provider vscode.git 2055
2023-12-05 11:58:36.615 [warning] [Decorations] CAPPING events from decorations provider vscode.git 2055
2023-12-05 11:58:41.672 [warning] [Decorations] CAPPING events from decorations provider vscode.git 2055
2023-12-05 11:58:46.732 [warning] [Decorations] CAPPING events from decorations provider vscode.git 2055
2023-12-05 11:58:51.790 [warning] [Decorations] CAPPING events from decorations provider vscode.git 2055
2023-12-05 11:58:56.842 [warning] [Decorations] CAPPING events from decorations provider vscode.git 2055
2023-12-05 11:59:01.895 [warning] [Decorations] CAPPING events from decorations provider vscode.git 2055
2023-12-05 11:59:06.949 [warning] [Decorations] CAPPING events from decorations provider vscode.git 2055
2023-12-05 11:59:12.009 [warning] [Decorations] CAPPING events from decorations provider vscode.git 2055
2023-12-05 11:59:17.074 [warning] [Decorations] CAPPING events from decorations provider vscode.git 2055
2023-12-05 11:59:22.112 [warning] [Decorations] CAPPING events from decorations provider vscode.git 2055
2023-12-05 11:59:27.171 [warning] [Decorations] CAPPING events from decorations provider vscode.git 2055
2023-12-05 11:59:32.224 [warning] [Decorations] CAPPING events from decorations provider vscode.git 2055
2023-12-05 11:59:37.278 [warning] [Decorations] CAPPING events from decorations provider vscode.git 2055
2023-12-05 11:59:42.346 [warning] [Decorations] CAPPING events from decorations provider vscode.git 2055
2023-12-05 11:59:47.401 [warning] [Decorations] CAPPING events from decorations provider vscode.git 2055
2023-12-05 11:59:52.466 [warning] [Decorations] CAPPING events from decorations provider vscode.git 2055
2023-12-05 11:59:57.523 [warning] [Decorations] CAPPING events from decorations provider vscode.git 2055
2023-12-05 12:00:02.582 [warning] [Decorations] CAPPING events from decorations provider vscode.git 2055
2023-12-05 12:00:07.640 [warning] [Decorations] CAPPING events from decorations provider vscode.git 2055
2023-12-05 12:00:12.699 [warning] [Decorations] CAPPING events from decorations provider vscode.git 2055
2023-12-05 12:00:17.762 [warning] [Decorations] CAPPING events from decorations provider vscode.git 2055
2023-12-05 12:00:22.816 [warning] [Decorations] CAPPING events from decorations provider vscode.git 2055
2023-12-05 12:00:27.867 [warning] [Decorations] CAPPING events from decorations provider vscode.git 2055
2023-12-05 12:00:32.924 [warning] [Decorations] CAPPING events from decorations provider vscode.git 2055
2023-12-05 12:00:37.977 [warning] [Decorations] CAPPING events from decorations provider vscode.git 2055
2023-12-05 12:00:43.038 [warning] [Decorations] CAPPING events from decorations provider vscode.git 2055
2023-12-05 12:00:48.097 [warning] [Decorations] CAPPING events from decorations provider vscode.git 2055
2023-12-05 12:00:53.151 [warning] [Decorations] CAPPING events from decorations provider vscode.git 2055
2023-12-05 12:00:58.207 [warning] [Decorations] CAPPING events from decorations provider vscode.git 2055
2023-12-05 12:01:03.260 [warning] [Decorations] CAPPING events from decorations provider vscode.git 2055
2023-12-05 12:01:08.326 [warning] [Decorations] CAPPING events from decorations provider vscode.git 2055
2023-12-05 12:01:13.386 [warning] [Decorations] CAPPING events from decorations provider vscode.git 2055
2023-12-05 12:01:18.441 [warning] [Decorations] CAPPING events from decorations provider vscode.git 2055
2023-12-05 12:01:23.502 [warning] [Decorations] CAPPING events from decorations provider vscode.git 2055
2023-12-05 12:01:30.885 [warning] [Decorations] CAPPING events from decorations provider vscode.git 2055
2023-12-05 12:01:35.945 [warning] [Decorations] CAPPING events from decorations provider vscode.git 2055
2023-12-05 12:01:41.867 [warning] [Decorations] CAPPING events from decorations provider vscode.git 2055
2023-12-05 12:01:46.931 [warning] [Decorations] CAPPING events from decorations provider vscode.git 2055
2023-12-05 12:01:51.980 [warning] [Decorations] CAPPING events from decorations provider vscode.git 2055
2023-12-05 12:01:57.035 [warning] [Decorations] CAPPING events from decorations provider vscode.git 2055
2023-12-05 12:02:02.101 [warning] [Decorations] CAPPING events from decorations provider vscode.git 2055
2023-12-05 12:02:07.161 [warning] [Decorations] CAPPING events from decorations provider vscode.git 2055
2023-12-05 12:02:12.222 [warning] [Decorations] CAPPING events from decorations provider vscode.git 2055
2023-12-05 12:02:17.283 [warning] [Decorations] CAPPING events from decorations provider vscode.git 2055
2023-12-05 12:02:22.330 [warning] [Decorations] CAPPING events from decorations provider vscode.git 2055
2023-12-05 12:02:27.387 [warning] [Decorations] CAPPING events from decorations provider vscode.git 2055
2023-12-05 12:02:32.442 [warning] [Decorations] CAPPING events from decorations provider vscode.git 2055
2023-12-05 12:02:37.486 [warning] [Decorations] CAPPING events from decorations provider vscode.git 2055
2023-12-05 12:02:42.539 [warning] [Decorations] CAPPING events from decorations provider vscode.git 2055
2023-12-05 12:02:47.594 [warning] [Decorations] CAPPING events from decorations provider vscode.git 2055
2023-12-05 12:02:52.650 [warning] [Decorations] CAPPING events from decorations provider vscode.git 2055
2023-12-05 12:02:57.699 [warning] [Decorations] CAPPING events from decorations provider vscode.git 2055
2023-12-05 12:03:02.762 [warning] [Decorations] CAPPING events from decorations provider vscode.git 2055
2023-12-05 12:03:07.820 [warning] [Decorations] CAPPING events from decorations provider vscode.git 2055
2023-12-05 12:03:12.878 [warning] [Decorations] CAPPING events from decorations provider vscode.git 2055
2023-12-05 12:03:17.934 [warning] [Decorations] CAPPING events from decorations provider vscode.git 2055
2023-12-05 12:03:23.302 [warning] [Decorations] CAPPING events from decorations provider vscode.git 2055
2023-12-05 12:03:28.358 [warning] [Decorations] CAPPING events from decorations provider vscode.git 2055
2023-12-05 12:03:33.405 [warning] [Decorations] CAPPING events from decorations provider vscode.git 2055
2023-12-05 12:03:38.455 [warning] [Decorations] CAPPING events from decorations provider vscode.git 2055
2023-12-05 12:03:43.512 [warning] [Decorations] CAPPING events from decorations provider vscode.git 2055
2023-12-05 12:03:48.567 [warning] [Decorations] CAPPING events from decorations provider vscode.git 2055
2023-12-05 12:03:53.632 [warning] [Decorations] CAPPING events from decorations provider vscode.git 2055
2023-12-05 12:03:58.684 [warning] [Decorations] CAPPING events from decorations provider vscode.git 2055
2023-12-05 12:04:03.744 [warning] [Decorations] CAPPING events from decorations provider vscode.git 2055
2023-12-05 12:04:13.337 [warning] [Decorations] CAPPING events from decorations provider vscode.git 2055
2023-12-05 12:04:18.394 [warning] [Decorations] CAPPING events from decorations provider vscode.git 2055
2023-12-05 12:04:23.446 [warning] [Decorations] CAPPING events from decorations provider vscode.git 2055
2023-12-05 12:04:28.485 [warning] [Decorations] CAPPING events from decorations provider vscode.git 2055
2023-12-05 12:04:33.548 [warning] [Decorations] CAPPING events from decorations provider vscode.git 2055
2023-12-05 12:04:38.610 [warning] [Decorations] CAPPING events from decorations provider vscode.git 2055
2023-12-05 12:04:43.659 [warning] [Decorations] CAPPING events from decorations provider vscode.git 2055
2023-12-05 12:04:48.720 [warning] [Decorations] CAPPING events from decorations provider vscode.git 2055
2023-12-05 12:04:53.779 [warning] [Decorations] CAPPING events from decorations provider vscode.git 2055
2023-12-05 12:04:58.844 [warning] [Decorations] CAPPING events from decorations provider vscode.git 2055
2023-12-05 12:05:03.898 [warning] [Decorations] CAPPING events from decorations provider vscode.git 2055
2023-12-05 12:05:08.951 [warning] [Decorations] CAPPING events from decorations provider vscode.git 2055
2023-12-05 12:05:14.020 [warning] [Decorations] CAPPING events from decorations provider vscode.git 2055
2023-12-05 12:05:19.081 [warning] [Decorations] CAPPING events from decorations provider vscode.git 2055
2023-12-05 12:05:24.151 [warning] [Decorations] CAPPING events from decorations provider vscode.git 2055
2023-12-05 12:05:29.213 [warning] [Decorations] CAPPING events from decorations provider vscode.git 2055
2023-12-05 12:05:34.263 [warning] [Decorations] CAPPING events from decorations provider vscode.git 2055
2023-12-05 12:05:39.320 [warning] [Decorations] CAPPING events from decorations provider vscode.git 2055
2023-12-05 12:05:44.379 [warning] [Decorations] CAPPING events from decorations provider vscode.git 2055
2023-12-05 12:05:49.439 [warning] [Decorations] CAPPING events from decorations provider vscode.git 2055
2023-12-05 12:05:54.486 [warning] [Decorations] CAPPING events from decorations provider vscode.git 2055
2023-12-05 12:05:59.541 [warning] [Decorations] CAPPING events from decorations provider vscode.git 2055
2023-12-05 12:06:04.598 [warning] [Decorations] CAPPING events from decorations provider vscode.git 2055
2023-12-05 12:06:09.648 [warning] [Decorations] CAPPING events from decorations provider vscode.git 2055
2023-12-05 12:06:14.705 [warning] [Decorations] CAPPING events from decorations provider vscode.git 2055
2023-12-05 12:06:19.766 [warning] [Decorations] CAPPING events from decorations provider vscode.git 2055
2023-12-05 12:06:24.825 [warning] [Decorations] CAPPING events from decorations provider vscode.git 2055
2023-12-05 12:06:29.866 [warning] [Decorations] CAPPING events from decorations provider vscode.git 2055
2023-12-05 12:06:34.923 [warning] [Decorations] CAPPING events from decorations provider vscode.git 2055
2023-12-05 12:06:39.972 [warning] [Decorations] CAPPING events from decorations provider vscode.git 2055
2023-12-05 12:06:45.029 [warning] [Decorations] CAPPING events from decorations provider vscode.git 2055
2023-12-05 12:06:50.086 [warning] [Decorations] CAPPING events from decorations provider vscode.git 2055
2023-12-05 12:06:55.141 [warning] [Decorations] CAPPING events from decorations provider vscode.git 2055
2023-12-05 12:07:00.208 [warning] [Decorations] CAPPING events from decorations provider vscode.git 2055
2023-12-05 12:07:05.263 [warning] [Decorations] CAPPING events from decorations provider vscode.git 2055
2023-12-05 12:07:10.314 [warning] [Decorations] CAPPING events from decorations provider vscode.git 2055
2023-12-05 12:07:15.383 [warning] [Decorations] CAPPING events from decorations provider vscode.git 2055
2023-12-05 12:07:20.449 [warning] [Decorations] CAPPING events from decorations provider vscode.git 2055
2023-12-05 12:07:25.499 [warning] [Decorations] CAPPING events from decorations provider vscode.git 2055
2023-12-05 12:07:30.555 [warning] [Decorations] CAPPING events from decorations provider vscode.git 2055
2023-12-05 12:07:35.609 [warning] [Decorations] CAPPING events from decorations provider vscode.git 2055
2023-12-05 12:07:40.665 [warning] [Decorations] CAPPING events from decorations provider vscode.git 2055
2023-12-05 12:07:45.720 [warning] [Decorations] CAPPING events from decorations provider vscode.git 2055
2023-12-05 12:07:50.790 [warning] [Decorations] CAPPING events from decorations provider vscode.git 2055
2023-12-05 12:07:55.856 [warning] [Decorations] CAPPING events from decorations provider vscode.git 2055
2023-12-05 12:08:00.922 [warning] [Decorations] CAPPING events from decorations provider vscode.git 2055
2023-12-05 12:08:05.984 [warning] [Decorations] CAPPING events from decorations provider vscode.git 2055
2023-12-05 12:08:11.033 [warning] [Decorations] CAPPING events from decorations provider vscode.git 2055
2023-12-05 12:08:16.092 [warning] [Decorations] CAPPING events from decorations provider vscode.git 2055
2023-12-05 12:08:21.151 [warning] [Decorations] CAPPING events from decorations provider vscode.git 2055
2023-12-05 12:08:26.210 [warning] [Decorations] CAPPING events from decorations provider vscode.git 2055
2023-12-05 12:08:31.276 [warning] [Decorations] CAPPING events from decorations provider vscode.git 2055
2023-12-05 12:08:36.329 [warning] [Decorations] CAPPING events from decorations provider vscode.git 2055
2023-12-05 12:08:41.392 [warning] [Decorations] CAPPING events from decorations provider vscode.git 2055
2023-12-05 12:08:46.444 [warning] [Decorations] CAPPING events from decorations provider vscode.git 2055
2023-12-05 12:08:51.507 [warning] [Decorations] CAPPING events from decorations provider vscode.git 2055
2023-12-05 12:08:56.562 [warning] [Decorations] CAPPING events from decorations provider vscode.git 2055
2023-12-05 12:09:01.611 [warning] [Decorations] CAPPING events from decorations provider vscode.git 2055
2023-12-05 12:09:06.667 [warning] [Decorations] CAPPING events from decorations provider vscode.git 2055
2023-12-05 12:09:11.730 [warning] [Decorations] CAPPING events from decorations provider vscode.git 2055
2023-12-05 12:09:16.791 [warning] [Decorations] CAPPING events from decorations provider vscode.git 2055
2023-12-05 12:09:21.842 [warning] [Decorations] CAPPING events from decorations provider vscode.git 2055
2023-12-05 12:09:26.885 [warning] [Decorations] CAPPING events from decorations provider vscode.git 2055
2023-12-05 12:09:31.940 [warning] [Decorations] CAPPING events from decorations provider vscode.git 2055
2023-12-05 12:09:36.991 [warning] [Decorations] CAPPING events from decorations provider vscode.git 2055
2023-12-05 12:09:42.043 [warning] [Decorations] CAPPING events from decorations provider vscode.git 2055
2023-12-05 12:09:47.098 [warning] [Decorations] CAPPING events from decorations provider vscode.git 2055
2023-12-05 12:09:52.161 [warning] [Decorations] CAPPING events from decorations provider vscode.git 2055
2023-12-05 12:09:57.219 [warning] [Decorations] CAPPING events from decorations provider vscode.git 2055
2023-12-05 12:10:04.590 [warning] [Decorations] CAPPING events from decorations provider vscode.git 2055
2023-12-05 12:10:09.646 [warning] [Decorations] CAPPING events from decorations provider vscode.git 2055
2023-12-05 12:10:14.714 [warning] [Decorations] CAPPING events from decorations provider vscode.git 2055
2023-12-05 12:10:19.776 [warning] [Decorations] CAPPING events from decorations provider vscode.git 2055
2023-12-05 12:10:24.828 [warning] [Decorations] CAPPING events from decorations provider vscode.git 2055
2023-12-05 12:10:29.885 [warning] [Decorations] CAPPING events from decorations provider vscode.git 2055
2023-12-05 12:10:34.946 [warning] [Decorations] CAPPING events from decorations provider vscode.git 2055
2023-12-05 12:10:39.997 [warning] [Decorations] CAPPING events from decorations provider vscode.git 2055
2023-12-05 12:10:45.621 [warning] [Decorations] CAPPING events from decorations provider vscode.git 2055
2023-12-05 12:10:50.676 [warning] [Decorations] CAPPING events from decorations provider vscode.git 2055
2023-12-05 12:10:55.740 [warning] [Decorations] CAPPING events from decorations provider vscode.git 2055
2023-12-05 12:11:00.789 [warning] [Decorations] CAPPING events from decorations provider vscode.git 2055
2023-12-05 12:11:05.862 [warning] [Decorations] CAPPING events from decorations provider vscode.git 2055
2023-12-05 12:11:10.914 [warning] [Decorations] CAPPING events from decorations provider vscode.git 2055
2023-12-05 12:11:15.965 [warning] [Decorations] CAPPING events from decorations provider vscode.git 2055
2023-12-05 12:11:21.027 [warning] [Decorations] CAPPING events from decorations provider vscode.git 2055
2023-12-05 12:11:26.084 [warning] [Decorations] CAPPING events from decorations provider vscode.git 2055
2023-12-05 12:11:31.654 [warning] [Decorations] CAPPING events from decorations provider vscode.git 2055
2023-12-05 12:11:36.711 [warning] [Decorations] CAPPING events from decorations provider vscode.git 2055
2023-12-05 12:11:41.774 [warning] [Decorations] CAPPING events from decorations provider vscode.git 2055
2023-12-05 12:11:46.831 [warning] [Decorations] CAPPING events from decorations provider vscode.git 2055
2023-12-05 12:11:51.883 [warning] [Decorations] CAPPING events from decorations provider vscode.git 2055
2023-12-05 12:11:56.946 [warning] [Decorations] CAPPING events from decorations provider vscode.git 2055
2023-12-05 12:12:02.008 [warning] [Decorations] CAPPING events from decorations provider vscode.git 2055
2023-12-05 12:12:07.067 [warning] [Decorations] CAPPING events from decorations provider vscode.git 2055
2023-12-05 12:12:12.697 [warning] [Decorations] CAPPING events from decorations provider vscode.git 2055
2023-12-05 12:12:17.745 [warning] [Decorations] CAPPING events from decorations provider vscode.git 2055
2023-12-05 12:12:22.804 [warning] [Decorations] CAPPING events from decorations provider vscode.git 2055
2023-12-05 12:12:27.863 [warning] [Decorations] CAPPING events from decorations provider vscode.git 2055
2023-12-05 12:12:32.921 [warning] [Decorations] CAPPING events from decorations provider vscode.git 2055
2023-12-05 12:12:37.980 [warning] [Decorations] CAPPING events from decorations provider vscode.git 2055
2023-12-05 12:12:43.050 [warning] [Decorations] CAPPING events from decorations provider vscode.git 2055
2023-12-05 12:12:48.130 [warning] [Decorations] CAPPING events from decorations provider vscode.git 2055
2023-12-05 12:22:15.254 [warning] [Decorations] CAPPING events from decorations provider vscode.git 2055
2023-12-05 12:22:33.157 [warning] [Decorations] CAPPING events from decorations provider vscode.git 2055
2023-12-05 12:23:45.874 [warning] [Decorations] CAPPING events from decorations provider vscode.git 2055
2023-12-05 12:23:50.939 [warning] [Decorations] CAPPING events from decorations provider vscode.git 2055
2023-12-05 12:23:55.997 [warning] [Decorations] CAPPING events from decorations provider vscode.git 2055
2023-12-05 12:24:01.055 [warning] [Decorations] CAPPING events from decorations provider vscode.git 2055
2023-12-05 12:24:06.116 [warning] [Decorations] CAPPING events from decorations provider vscode.git 2055
2023-12-05 12:24:11.157 [warning] [Decorations] CAPPING events from decorations provider vscode.git 2055
2023-12-05 12:24:16.215 [warning] [Decorations] CAPPING events from decorations provider vscode.git 2055
2023-12-05 12:25:39.684 [warning] [Decorations] CAPPING events from decorations provider vscode.git 2055
2023-12-05 12:25:44.742 [warning] [Decorations] CAPPING events from decorations provider vscode.git 2055
2023-12-05 12:25:54.267 [warning] [Decorations] CAPPING events from decorations provider vscode.git 2055
2023-12-05 12:25:59.326 [warning] [Decorations] CAPPING events from decorations provider vscode.git 2055
2023-12-05 12:26:04.394 [warning] [Decorations] CAPPING events from decorations provider vscode.git 2056
2023-12-05 12:26:09.764 [warning] [Decorations] CAPPING events from decorations provider vscode.git 2056
2023-12-05 12:26:14.836 [warning] [Decorations] CAPPING events from decorations provider vscode.git 2056
2023-12-05 12:26:19.893 [warning] [Decorations] CAPPING events from decorations provider vscode.git 2056
2023-12-05 12:26:26.775 [warning] [Decorations] CAPPING events from decorations provider vscode.git 2057
2023-12-05 12:26:31.851 [warning] [Decorations] CAPPING events from decorations provider vscode.git 2057
2023-12-05 12:26:36.912 [warning] [Decorations] CAPPING events from decorations provider vscode.git 2057
2023-12-05 12:26:46.898 [warning] [Decorations] CAPPING events from decorations provider vscode.git 2057
2023-12-05 12:26:51.959 [warning] [Decorations] CAPPING events from decorations provider vscode.git 2058
2023-12-05 12:26:57.029 [warning] [Decorations] CAPPING events from decorations provider vscode.git 2058
2023-12-05 12:27:02.088 [warning] [Decorations] CAPPING events from decorations provider vscode.git 2058
2023-12-05 12:27:07.142 [warning] [Decorations] CAPPING events from decorations provider vscode.git 2058
2023-12-05 12:27:12.788 [warning] [Decorations] CAPPING events from decorations provider vscode.git 2058
2023-12-05 12:27:24.678 [warning] [Decorations] CAPPING events from decorations provider vscode.git 2058
2023-12-05 12:27:29.737 [warning] [Decorations] CAPPING events from decorations provider vscode.git 2058
2023-12-05 12:27:34.795 [warning] [Decorations] CAPPING events from decorations provider vscode.git 2059
2023-12-05 12:27:39.861 [warning] [Decorations] CAPPING events from decorations provider vscode.git 2059
2023-12-05 12:27:44.914 [warning] [Decorations] CAPPING events from decorations provider vscode.git 2059
2023-12-05 12:27:49.980 [warning] [Decorations] CAPPING events from decorations provider vscode.git 2060
2023-12-05 12:27:55.025 [warning] [Decorations] CAPPING events from decorations provider vscode.git 2060
2023-12-05 12:28:00.083 [warning] [Decorations] CAPPING events from decorations provider vscode.git 2060
2023-12-05 12:28:05.144 [warning] [Decorations] CAPPING events from decorations provider vscode.git 2060
2023-12-05 12:28:11.808 [warning] [Decorations] CAPPING events from decorations provider vscode.git 2061
2023-12-05 12:28:17.812 [warning] [Decorations] CAPPING events from decorations provider vscode.git 2061
2023-12-05 12:28:22.878 [warning] [Decorations] CAPPING events from decorations provider vscode.git 2061
2023-12-05 12:28:33.975 [warning] [Decorations] CAPPING events from decorations provider vscode.git 2061
2023-12-05 12:28:39.029 [warning] [Decorations] CAPPING events from decorations provider vscode.git 2062
2023-12-05 12:28:44.084 [warning] [Decorations] CAPPING events from decorations provider vscode.git 2062
2023-12-05 12:28:49.825 [warning] [Decorations] CAPPING events from decorations provider vscode.git 2062
2023-12-05 12:28:55.829 [warning] [Decorations] CAPPING events from decorations provider vscode.git 2062
2023-12-05 12:29:00.894 [warning] [Decorations] CAPPING events from decorations provider vscode.git 2062
2023-12-05 12:29:05.941 [warning] [Decorations] CAPPING events from decorations provider vscode.git 2062
2023-12-05 12:29:10.994 [warning] [Decorations] CAPPING events from decorations provider vscode.git 2062
2023-12-05 12:30:32.866 [warning] [Decorations] CAPPING events from decorations provider vscode.git 2062
2023-12-05 12:30:37.922 [warning] [Decorations] CAPPING events from decorations provider vscode.git 2063
2023-12-05 12:30:42.978 [warning] [Decorations] CAPPING events from decorations provider vscode.git 2063
2023-12-05 12:30:48.039 [warning] [Decorations] CAPPING events from decorations provider vscode.git 2063
2023-12-05 12:30:53.099 [warning] [Decorations] CAPPING events from decorations provider vscode.git 2064
2023-12-05 12:30:58.168 [warning] [Decorations] CAPPING events from decorations provider vscode.git 2064
2023-12-05 12:31:03.238 [warning] [Decorations] CAPPING events from decorations provider vscode.git 2065
2023-12-05 12:31:08.305 [warning] [Decorations] CAPPING events from decorations provider vscode.git 2065
2023-12-05 12:31:13.351 [warning] [Decorations] CAPPING events from decorations provider vscode.git 2065
2023-12-05 12:31:18.406 [warning] [Decorations] CAPPING events from decorations provider vscode.git 2065
2023-12-05 12:32:58.107 [warning] [Decorations] CAPPING events from decorations provider vscode.git 2065
2023-12-05 12:33:03.161 [warning] [Decorations] CAPPING events from decorations provider vscode.git 2065
2023-12-05 12:33:08.939 [warning] [Decorations] CAPPING events from decorations provider vscode.git 2066
2023-12-05 12:33:13.979 [warning] [Decorations] CAPPING events from decorations provider vscode.git 2066
2023-12-05 12:33:24.443 [warning] [Decorations] CAPPING events from decorations provider vscode.git 2066
2023-12-05 12:33:29.503 [warning] [Decorations] CAPPING events from decorations provider vscode.git 2066
2023-12-05 12:33:34.566 [warning] [Decorations] CAPPING events from decorations provider vscode.git 2066
2023-12-05 12:33:39.643 [warning] [Decorations] CAPPING events from decorations provider vscode.git 2067
2023-12-05 12:33:48.027 [warning] [Decorations] CAPPING events from decorations provider vscode.git 2067
2023-12-05 12:33:53.086 [warning] [Decorations] CAPPING events from decorations provider vscode.git 2067
2023-12-05 12:33:58.154 [warning] [Decorations] CAPPING events from decorations provider vscode.git 2067
2023-12-05 12:34:03.217 [warning] [Decorations] CAPPING events from decorations provider vscode.git 2067
2023-12-05 12:34:08.277 [warning] [Decorations] CAPPING events from decorations provider vscode.git 2067
2023-12-05 12:34:13.343 [warning] [Decorations] CAPPING events from decorations provider vscode.git 2067
2023-12-05 12:34:19.031 [warning] [Decorations] CAPPING events from decorations provider vscode.git 2067
2023-12-05 12:34:31.037 [warning] [Decorations] CAPPING events from decorations provider vscode.git 2067
2023-12-05 12:34:36.128 [warning] [Decorations] CAPPING events from decorations provider vscode.git 2067
2023-12-05 12:35:03.725 [warning] [Decorations] CAPPING events from decorations provider vscode.git 2067
2023-12-05 12:35:08.785 [warning] [Decorations] CAPPING events from decorations provider vscode.git 2067
2023-12-05 12:35:14.152 [warning] [Decorations] CAPPING events from decorations provider vscode.git 2068
2023-12-05 12:35:19.209 [warning] [Decorations] CAPPING events from decorations provider vscode.git 2068
2023-12-05 12:35:24.274 [warning] [Decorations] CAPPING events from decorations provider vscode.git 2068
2023-12-05 12:35:29.329 [warning] [Decorations] CAPPING events from decorations provider vscode.git 2068
2023-12-05 12:36:03.337 [warning] [Decorations] CAPPING events from decorations provider vscode.git 2068
2023-12-05 12:36:08.401 [warning] [Decorations] CAPPING events from decorations provider vscode.git 2068
2023-12-05 12:36:13.449 [warning] [Decorations] CAPPING events from decorations provider vscode.git 2068
